<?xml version="1.0" encoding="UTF-8"?>
<robot generator="Robot 6.0.2 (Python 3.10.9 on darwin)" generated="20230512 14:13:22.145" rpa="false" schemaversion="3">
<suite id="s1" name="Suite" source="/Users/marcoslima/projects/proatas-robot/suite.robot">
<test id="s1-t1" name="Cadastro de Usuário" line="15">
<kw name="Open Application" library="AppiumLibrary">
<arg>${SERVER_URL}</arg>
<arg>automationName=UiAutomator2</arg>
<arg>platformName=Android</arg>
<arg>deviceName=Teste</arg>
<arg>app=${EXECDIR}/app/app-release.apk</arg>
<arg>udid=emulator-5554</arg>
<doc>Opens a new application to given Appium server.
Capabilities of appium server, Android and iOS,
Please check https://github.com/appium/appium/blob/master/docs/en/writing-running-appium/server-args.md
| *Option*            | *Man.* | *Description*     |
| remote_url          | Yes    | Appium server url |
| alias               | no     | alias             |
| strict_ssl          | No     | allows you to send commands to an invalid certificate host like a self-signed one. |</doc>
<status status="PASS" starttime="20230512 14:13:22.496" endtime="20230512 14:13:36.767"/>
</kw>
<kw name="Wait Until Element Is Visible" library="AppiumLibrary">
<arg>accessibility_id=input-cpf</arg>
<arg>timeout=${WAIT_TIMEOUT}</arg>
<doc>Waits until element specified with `locator` is visible.</doc>
<status status="PASS" starttime="20230512 14:13:36.767" endtime="20230512 14:13:42.765"/>
</kw>
<kw name="Input Text" library="AppiumLibrary">
<arg>accessibility_id=input-cpf</arg>
<arg>${USER_CPF}</arg>
<doc>Types the given `text` into text field identified by `locator`.</doc>
<msg timestamp="20230512 14:13:42.767" level="INFO">Typing text '82611104000' into text field 'accessibility_id=input-cpf'</msg>
<status status="PASS" starttime="20230512 14:13:42.765" endtime="20230512 14:13:43.466"/>
</kw>
<kw name="Input Text" library="AppiumLibrary">
<arg>accessibility_id=input-phone</arg>
<arg>${USER_PHONE}</arg>
<doc>Types the given `text` into text field identified by `locator`.</doc>
<msg timestamp="20230512 14:13:43.468" level="INFO">Typing text '82611104000' into text field 'accessibility_id=input-phone'</msg>
<status status="PASS" starttime="20230512 14:13:43.466" endtime="20230512 14:13:44.216"/>
</kw>
<kw name="Click Element" library="AppiumLibrary">
<arg>accessibility_id=button-continue</arg>
<doc>Click element identified by `locator`.</doc>
<msg timestamp="20230512 14:13:44.218" level="INFO">Clicking element 'accessibility_id=button-continue'.</msg>
<status status="PASS" starttime="20230512 14:13:44.216" endtime="20230512 14:13:44.976"/>
</kw>
<kw name="Close Application" library="AppiumLibrary">
<doc>Closes the current application and also close webdriver session.</doc>
<status status="PASS" starttime="20230512 14:13:44.977" endtime="20230512 14:13:46.276"/>
</kw>
<status status="PASS" starttime="20230512 14:13:22.494" endtime="20230512 14:13:46.276"/>
</test>
<status status="PASS" starttime="20230512 14:13:22.147" endtime="20230512 14:13:46.277"/>
</suite>
<statistics>
<total>
<stat pass="1" fail="0" skip="0">All Tests</stat>
</total>
<tag>
</tag>
<suite>
<stat pass="1" fail="0" skip="0" id="s1" name="Suite">Suite</stat>
</suite>
</statistics>
<errors>
</errors>
</robot>
